<?xml version="1.0" encoding="UTF-8"?>
<!-- Generated by org.testng.reporters.JUnitXMLReporter -->
<testsuite hostname="DESKTOP-QGLN914" ignored="0" name="Test" tests="8" failures="0" timestamp="23 may 2017 20:54:06 GMT" time="41.171" errors="0">
  <testcase name="@BeforeClass setUp" time="21.0" classname="Test.Error_Messages_SignUpGmail_test">
    <failure type="org.openqa.selenium.WebDriverException" message="Timed out waiting for driver server to start.
Build info: version: &amp;apos;unknown&amp;apos;, revision: &amp;apos;1969d75&amp;apos;, time: &amp;apos;2016-10-18 09:43:45 -0700&amp;apos;
System info: host: &amp;apos;DESKTOP-QGLN914&amp;apos;, ip: &amp;apos;192.168.5.76&amp;apos;, os.name: &amp;apos;Windows 10&amp;apos;, os.arch: &amp;apos;amd64&amp;apos;, os.version: &amp;apos;10.0&amp;apos;, java.version: &amp;apos;1.8.0_131&amp;apos;
Driver info: driver.version: ChromeDriver">
      <![CDATA[org.openqa.selenium.WebDriverException: Timed out waiting for driver server to start.
Build info: version: 'unknown', revision: '1969d75', time: '2016-10-18 09:43:45 -0700'
System info: host: 'DESKTOP-QGLN914', ip: '192.168.5.76', os.name: 'Windows 10', os.arch: 'amd64', os.version: '10.0', java.version: '1.8.0_131'
Driver info: driver.version: ChromeDriver
	at org.openqa.selenium.remote.service.DriverService.waitUntilAvailable(DriverService.java:178)
	at org.openqa.selenium.remote.service.DriverService.start(DriverService.java:166)
	at org.openqa.selenium.remote.service.DriverCommandExecutor.execute(DriverCommandExecutor.java:78)
	at org.openqa.selenium.remote.RemoteWebDriver.execute(RemoteWebDriver.java:601)
	at org.openqa.selenium.remote.RemoteWebDriver.startSession(RemoteWebDriver.java:241)
	at org.openqa.selenium.remote.RemoteWebDriver.<init>(RemoteWebDriver.java:128)
	at org.openqa.selenium.remote.RemoteWebDriver.<init>(RemoteWebDriver.java:141)
	at org.openqa.selenium.chrome.ChromeDriver.<init>(ChromeDriver.java:174)
	at org.openqa.selenium.chrome.ChromeDriver.<init>(ChromeDriver.java:163)
	at org.openqa.selenium.chrome.ChromeDriver.<init>(ChromeDriver.java:120)
	at Test.Error_Messages_SignUpGmail_test.GChrome(Error_Messages_SignUpGmail_test.java:246)
	at Test.Error_Messages_SignUpGmail_test.setUp(Error_Messages_SignUpGmail_test.java:69)
Caused by: org.openqa.selenium.net.UrlChecker$TimeoutException: Timed out waiting for [http://localhost:17274/status] to be available after 20017 ms
	at org.openqa.selenium.net.UrlChecker.waitUntilAvailable(UrlChecker.java:107)
	at org.openqa.selenium.remote.service.DriverService.waitUntilAvailable(DriverService.java:175)
	... 35 more
Caused by: com.google.common.util.concurrent.UncheckedTimeoutException: java.util.concurrent.TimeoutException
	at com.google.common.util.concurrent.SimpleTimeLimiter.callWithTimeout(SimpleTimeLimiter.java:143)
	at org.openqa.selenium.net.UrlChecker.waitUntilAvailable(UrlChecker.java:80)
	... 36 more
Caused by: java.util.concurrent.TimeoutException
	at java.util.concurrent.FutureTask.get(Unknown Source)
	at com.google.common.util.concurrent.SimpleTimeLimiter.callWithTimeout(SimpleTimeLimiter.java:130)
	... 37 more
... Removed 24 stack frames]]>
    </failure>
  </testcase> <!-- @BeforeClass setUp -->
  <testcase name="@AfterClass tearDown" time="0.001" classname="Test.Error_Messages_SignUpGmail_test">
    <failure type="java.lang.NullPointerException">
      <![CDATA[java.lang.NullPointerException
	at Test.Error_Messages_SignUpGmail_test.tearDown(Error_Messages_SignUpGmail_test.java:257)
... Removed 24 stack frames]]>
    </failure>
  </testcase> <!-- @AfterClass tearDown -->
  <testcase name="@BeforeClass setUp" time="20.128" classname="Test.DoSignUpGmail_Test">
    <failure type="org.openqa.selenium.WebDriverException" message="Timed out waiting for driver server to start.
Build info: version: &amp;apos;unknown&amp;apos;, revision: &amp;apos;1969d75&amp;apos;, time: &amp;apos;2016-10-18 09:43:45 -0700&amp;apos;
System info: host: &amp;apos;DESKTOP-QGLN914&amp;apos;, ip: &amp;apos;192.168.5.76&amp;apos;, os.name: &amp;apos;Windows 10&amp;apos;, os.arch: &amp;apos;amd64&amp;apos;, os.version: &amp;apos;10.0&amp;apos;, java.version: &amp;apos;1.8.0_131&amp;apos;
Driver info: driver.version: ChromeDriver">
      <![CDATA[org.openqa.selenium.WebDriverException: Timed out waiting for driver server to start.
Build info: version: 'unknown', revision: '1969d75', time: '2016-10-18 09:43:45 -0700'
System info: host: 'DESKTOP-QGLN914', ip: '192.168.5.76', os.name: 'Windows 10', os.arch: 'amd64', os.version: '10.0', java.version: '1.8.0_131'
Driver info: driver.version: ChromeDriver
	at org.openqa.selenium.remote.service.DriverService.waitUntilAvailable(DriverService.java:178)
	at org.openqa.selenium.remote.service.DriverService.start(DriverService.java:166)
	at org.openqa.selenium.remote.service.DriverCommandExecutor.execute(DriverCommandExecutor.java:78)
	at org.openqa.selenium.remote.RemoteWebDriver.execute(RemoteWebDriver.java:601)
	at org.openqa.selenium.remote.RemoteWebDriver.startSession(RemoteWebDriver.java:241)
	at org.openqa.selenium.remote.RemoteWebDriver.<init>(RemoteWebDriver.java:128)
	at org.openqa.selenium.remote.RemoteWebDriver.<init>(RemoteWebDriver.java:141)
	at org.openqa.selenium.chrome.ChromeDriver.<init>(ChromeDriver.java:174)
	at org.openqa.selenium.chrome.ChromeDriver.<init>(ChromeDriver.java:163)
	at org.openqa.selenium.chrome.ChromeDriver.<init>(ChromeDriver.java:120)
	at Test.DoSignUpGmail_Test.GChrome(DoSignUpGmail_Test.java:173)
	at Test.DoSignUpGmail_Test.setUp(DoSignUpGmail_Test.java:67)
Caused by: org.openqa.selenium.net.UrlChecker$TimeoutException: Timed out waiting for [http://localhost:35654/status] to be available after 20015 ms
	at org.openqa.selenium.net.UrlChecker.waitUntilAvailable(UrlChecker.java:107)
	at org.openqa.selenium.remote.service.DriverService.waitUntilAvailable(DriverService.java:175)
	... 35 more
Caused by: com.google.common.util.concurrent.UncheckedTimeoutException: java.util.concurrent.TimeoutException
	at com.google.common.util.concurrent.SimpleTimeLimiter.callWithTimeout(SimpleTimeLimiter.java:143)
	at org.openqa.selenium.net.UrlChecker.waitUntilAvailable(UrlChecker.java:80)
	... 36 more
Caused by: java.util.concurrent.TimeoutException
	at java.util.concurrent.FutureTask.get(Unknown Source)
	at com.google.common.util.concurrent.SimpleTimeLimiter.callWithTimeout(SimpleTimeLimiter.java:130)
	... 37 more
... Removed 24 stack frames]]>
    </failure>
  </testcase> <!-- @BeforeClass setUp -->
  <testcase name="@AfterClass tearDown" time="0.0" classname="Test.DoSignUpGmail_Test">
    <failure type="java.lang.NullPointerException">
      <![CDATA[java.lang.NullPointerException
	at Test.DoSignUpGmail_Test.tearDown(DoSignUpGmail_Test.java:184)
... Removed 24 stack frames]]>
    </failure>
  </testcase> <!-- @AfterClass tearDown -->
  <testcase name="T00_Validar_Mensajes_de_Error_Nombre" time="0.001" classname="Test.Error_Messages_SignUpGmail_test">
    <skipped/>
  </testcase> <!-- T00_Validar_Mensajes_de_Error_Nombre -->
  <testcase name="T01_Validar_Mensajes_de_Error_Apellido" time="0.0" classname="Test.Error_Messages_SignUpGmail_test">
    <skipped/>
  </testcase> <!-- T01_Validar_Mensajes_de_Error_Apellido -->
  <testcase name="T02_Validar_Mensajes_de_Error_Email" time="0.0" classname="Test.Error_Messages_SignUpGmail_test">
    <skipped/>
  </testcase> <!-- T02_Validar_Mensajes_de_Error_Email -->
  <testcase name="T03_Validar_Mensajes_de_Error_Email" time="0.0" classname="Test.Error_Messages_SignUpGmail_test">
    <skipped/>
  </testcase> <!-- T03_Validar_Mensajes_de_Error_Email -->
  <testcase name="T04_Validar_Mensajes_de_Error_Pass" time="0.0" classname="Test.Error_Messages_SignUpGmail_test">
    <skipped/>
  </testcase> <!-- T04_Validar_Mensajes_de_Error_Pass -->
  <testcase name="T05_Validar_Mensajes_de_Error_ShortPass" time="0.0" classname="Test.Error_Messages_SignUpGmail_test">
    <skipped/>
  </testcase> <!-- T05_Validar_Mensajes_de_Error_ShortPass -->
  <testcase name="T06_Validar_Mensajes_de_Error_NotEqualsPass" time="0.0" classname="Test.Error_Messages_SignUpGmail_test">
    <skipped/>
  </testcase> <!-- T06_Validar_Mensajes_de_Error_NotEqualsPass -->
  <testcase name="T00_RegistroGmail" time="0.0" classname="Test.DoSignUpGmail_Test">
    <skipped/>
  </testcase> <!-- T00_RegistroGmail -->
</testsuite> <!-- Test -->
